[17:39:33.742 ERROR] cannot find file
[17:47:01.400 ERROR] cannot find file
[17:47:10.890 ERROR] wrong command
[17:47:10.890 ERROR] wrong command
[17:47:10.890 ERROR] wrong command
[17:47:20.952 ERROR] wrong command
[17:47:20.952 ERROR] wrong command
[17:52:19.882 ERROR] cannot find file
[17:52:25.363 ERROR] wrong command
[17:52:29.386 ERROR] wrong command
[17:52:29.387 ERROR] wrong command
[17:52:31.399 ERROR] wrong command
[17:52:33.409 ERROR] wrong command
[18:02:22.118 ERROR] cannot find file
[18:02:27.506 ERROR] wrong command
[18:02:29.519 ERROR] wrong command
[18:03:52.728 ERROR] cannot find file
[18:05:26.475 ERROR] cannot find file
[18:05:43.467 ERROR] cannot find file
[18:12:09.510 ERROR] cannot find file
[18:13:15.411 ERROR] cannot find file
[18:13:38.294 ERROR] cannot find file
[18:14:53.921 FATAL] end of input
[18:17:27.106 ERROR] cannot find file
[18:20:47.624 ERROR] cannot find file
[18:22:16.177 ERROR] cannot find file
[18:23:02.763 ERROR] cannot find file
[18:23:14.368 ERROR] cannot find file
[18:23:25.082 ERROR] cannot find file
[19:00:09.330 ERROR] cannot find file
[19:02:10.494 ERROR] cannot find file
[19:02:18.939 ERROR] collection is empty
[19:02:19.058 ERROR] cannot add
